ARM GAS  /var/folders/pr/jy5_dyq97qq9ykqb3p58dhg00000gn/T//cceo84d0.s 			page 1


   1              		.cpu cortex-m4
   2              		.eabi_attribute 27, 1
   3              		.eabi_attribute 28, 1
   4              		.eabi_attribute 20, 1
   5              		.eabi_attribute 21, 1
   6              		.eabi_attribute 23, 3
   7              		.eabi_attribute 24, 1
   8              		.eabi_attribute 25, 1
   9              		.eabi_attribute 26, 1
  10              		.eabi_attribute 30, 1
  11              		.eabi_attribute 34, 1
  12              		.eabi_attribute 18, 4
  13              		.file	"can.c"
  14              		.text
  15              	.Ltext0:
  16              		.cfi_sections	.debug_frame
  17              		.section	.text.MX_CAN_Init,"ax",%progbits
  18              		.align	1
  19              		.global	MX_CAN_Init
  20              		.syntax unified
  21              		.thumb
  22              		.thumb_func
  23              		.fpu fpv4-sp-d16
  25              	MX_CAN_Init:
  26              	.LFB126:
  27              		.file 1 "Src/can.c"
   1:Src/can.c     **** /**
   2:Src/can.c     ****   ******************************************************************************
   3:Src/can.c     ****   * File Name          : CAN.c
   4:Src/can.c     ****   * Description        : This file provides code for the configuration
   5:Src/can.c     ****   *                      of the CAN instances.
   6:Src/can.c     ****   ******************************************************************************
   7:Src/can.c     ****   ** This notice applies to any and all portions of this file
   8:Src/can.c     ****   * that are not between comment pairs USER CODE BEGIN and
   9:Src/can.c     ****   * USER CODE END. Other portions of this file, whether 
  10:Src/can.c     ****   * inserted by the user or by software development tools
  11:Src/can.c     ****   * are owned by their respective copyright owners.
  12:Src/can.c     ****   *
  13:Src/can.c     ****   * COPYRIGHT(c) 2019 STMicroelectronics
  14:Src/can.c     ****   *
  15:Src/can.c     ****   * Redistribution and use in source and binary forms, with or without modification,
  16:Src/can.c     ****   * are permitted provided that the following conditions are met:
  17:Src/can.c     ****   *   1. Redistributions of source code must retain the above copyright notice,
  18:Src/can.c     ****   *      this list of conditions and the following disclaimer.
  19:Src/can.c     ****   *   2. Redistributions in binary form must reproduce the above copyright notice,
  20:Src/can.c     ****   *      this list of conditions and the following disclaimer in the documentation
  21:Src/can.c     ****   *      and/or other materials provided with the distribution.
  22:Src/can.c     ****   *   3. Neither the name of STMicroelectronics nor the names of its contributors
  23:Src/can.c     ****   *      may be used to endorse or promote products derived from this software
  24:Src/can.c     ****   *      without specific prior written permission.
  25:Src/can.c     ****   *
  26:Src/can.c     ****   * THIS SOFTWARE IS PROVIDED BY THE COPYRIGHT HOLDERS AND CONTRIBUTORS "AS IS"
  27:Src/can.c     ****   * AND ANY EXPRESS OR IMPLIED WARRANTIES, INCLUDING, BUT NOT LIMITED TO, THE
  28:Src/can.c     ****   * IMPLIED WARRANTIES OF MERCHANTABILITY AND FITNESS FOR A PARTICULAR PURPOSE ARE
  29:Src/can.c     ****   * DISCLAIMED. IN NO EVENT SHALL THE COPYRIGHT HOLDER OR CONTRIBUTORS BE LIABLE
  30:Src/can.c     ****   * FOR ANY DIRECT, INDIRECT, INCIDENTAL, SPECIAL, EXEMPLARY, OR CONSEQUENTIAL
  31:Src/can.c     ****   * DAMAGES (INCLUDING, BUT NOT LIMITED TO, PROCUREMENT OF SUBSTITUTE GOODS OR
ARM GAS  /var/folders/pr/jy5_dyq97qq9ykqb3p58dhg00000gn/T//cceo84d0.s 			page 2


  32:Src/can.c     ****   * SERVICES; LOSS OF USE, DATA, OR PROFITS; OR BUSINESS INTERRUPTION) HOWEVER
  33:Src/can.c     ****   * CAUSED AND ON ANY THEORY OF LIABILITY, WHETHER IN CONTRACT, STRICT LIABILITY,
  34:Src/can.c     ****   * OR TORT (INCLUDING NEGLIGENCE OR OTHERWISE) ARISING IN ANY WAY OUT OF THE USE
  35:Src/can.c     ****   * OF THIS SOFTWARE, EVEN IF ADVISED OF THE POSSIBILITY OF SUCH DAMAGE.
  36:Src/can.c     ****   *
  37:Src/can.c     ****   ******************************************************************************
  38:Src/can.c     ****   */
  39:Src/can.c     **** 
  40:Src/can.c     **** /* Includes ------------------------------------------------------------------*/
  41:Src/can.c     **** #include "can.h"
  42:Src/can.c     **** 
  43:Src/can.c     **** /* USER CODE BEGIN 0 */
  44:Src/can.c     **** 
  45:Src/can.c     **** /* USER CODE END 0 */
  46:Src/can.c     **** 
  47:Src/can.c     **** CAN_HandleTypeDef hcan;
  48:Src/can.c     **** 
  49:Src/can.c     **** /* CAN init function */
  50:Src/can.c     **** void MX_CAN_Init(void)
  51:Src/can.c     **** {
  28              		.loc 1 51 0
  29              		.cfi_startproc
  30              		@ args = 0, pretend = 0, frame = 0
  31              		@ frame_needed = 0, uses_anonymous_args = 0
  32 0000 08B5     		push	{r3, lr}
  33              	.LCFI0:
  34              		.cfi_def_cfa_offset 8
  35              		.cfi_offset 3, -8
  36              		.cfi_offset 14, -4
  52:Src/can.c     **** 
  53:Src/can.c     ****   hcan.Instance = CAN;
  37              		.loc 1 53 0
  38 0002 0B48     		ldr	r0, .L5
  39 0004 0B4B     		ldr	r3, .L5+4
  40 0006 0360     		str	r3, [r0]
  54:Src/can.c     ****   hcan.Init.Prescaler = 16;
  41              		.loc 1 54 0
  42 0008 1023     		movs	r3, #16
  43 000a 4360     		str	r3, [r0, #4]
  55:Src/can.c     ****   hcan.Init.Mode = CAN_MODE_NORMAL;
  44              		.loc 1 55 0
  45 000c 0023     		movs	r3, #0
  46 000e 8360     		str	r3, [r0, #8]
  56:Src/can.c     ****   hcan.Init.SyncJumpWidth = CAN_SJW_1TQ;
  47              		.loc 1 56 0
  48 0010 C360     		str	r3, [r0, #12]
  57:Src/can.c     ****   hcan.Init.TimeSeg1 = CAN_BS1_1TQ;
  49              		.loc 1 57 0
  50 0012 0361     		str	r3, [r0, #16]
  58:Src/can.c     ****   hcan.Init.TimeSeg2 = CAN_BS2_1TQ;
  51              		.loc 1 58 0
  52 0014 4361     		str	r3, [r0, #20]
  59:Src/can.c     ****   hcan.Init.TimeTriggeredMode = DISABLE;
  53              		.loc 1 59 0
  54 0016 0376     		strb	r3, [r0, #24]
  60:Src/can.c     ****   hcan.Init.AutoBusOff = DISABLE;
  55              		.loc 1 60 0
ARM GAS  /var/folders/pr/jy5_dyq97qq9ykqb3p58dhg00000gn/T//cceo84d0.s 			page 3


  56 0018 4376     		strb	r3, [r0, #25]
  61:Src/can.c     ****   hcan.Init.AutoWakeUp = DISABLE;
  57              		.loc 1 61 0
  58 001a 8376     		strb	r3, [r0, #26]
  62:Src/can.c     ****   hcan.Init.AutoRetransmission = DISABLE;
  59              		.loc 1 62 0
  60 001c C376     		strb	r3, [r0, #27]
  63:Src/can.c     ****   hcan.Init.ReceiveFifoLocked = DISABLE;
  61              		.loc 1 63 0
  62 001e 0377     		strb	r3, [r0, #28]
  64:Src/can.c     ****   hcan.Init.TransmitFifoPriority = DISABLE;
  63              		.loc 1 64 0
  64 0020 4377     		strb	r3, [r0, #29]
  65:Src/can.c     ****   if (HAL_CAN_Init(&hcan) != HAL_OK)
  65              		.loc 1 65 0
  66 0022 FFF7FEFF 		bl	HAL_CAN_Init
  67              	.LVL0:
  68 0026 00B9     		cbnz	r0, .L4
  69              	.L1:
  66:Src/can.c     ****   {
  67:Src/can.c     **** 
  68:Src/can.c     **** 	  
  69:Src/can.c     **** 	  Error_Handler();
  70:Src/can.c     ****   }
  71:Src/can.c     **** 
  72:Src/can.c     **** }
  70              		.loc 1 72 0
  71 0028 08BD     		pop	{r3, pc}
  72              	.L4:
  69:Src/can.c     ****   }
  73              		.loc 1 69 0
  74 002a FFF7FEFF 		bl	Error_Handler
  75              	.LVL1:
  76              		.loc 1 72 0
  77 002e FBE7     		b	.L1
  78              	.L6:
  79              		.align	2
  80              	.L5:
  81 0030 00000000 		.word	hcan
  82 0034 00640040 		.word	1073767424
  83              		.cfi_endproc
  84              	.LFE126:
  86              		.section	.text.HAL_CAN_MspInit,"ax",%progbits
  87              		.align	1
  88              		.global	HAL_CAN_MspInit
  89              		.syntax unified
  90              		.thumb
  91              		.thumb_func
  92              		.fpu fpv4-sp-d16
  94              	HAL_CAN_MspInit:
  95              	.LFB127:
  73:Src/can.c     **** 
  74:Src/can.c     **** void HAL_CAN_MspInit(CAN_HandleTypeDef* canHandle)
  75:Src/can.c     **** {
  96              		.loc 1 75 0
  97              		.cfi_startproc
  98              		@ args = 0, pretend = 0, frame = 32
ARM GAS  /var/folders/pr/jy5_dyq97qq9ykqb3p58dhg00000gn/T//cceo84d0.s 			page 4


  99              		@ frame_needed = 0, uses_anonymous_args = 0
 100              	.LVL2:
 101 0000 00B5     		push	{lr}
 102              	.LCFI1:
 103              		.cfi_def_cfa_offset 4
 104              		.cfi_offset 14, -4
 105 0002 89B0     		sub	sp, sp, #36
 106              	.LCFI2:
 107              		.cfi_def_cfa_offset 40
  76:Src/can.c     **** 
  77:Src/can.c     ****   GPIO_InitTypeDef GPIO_InitStruct = {0};
 108              		.loc 1 77 0
 109 0004 0023     		movs	r3, #0
 110 0006 0393     		str	r3, [sp, #12]
 111 0008 0493     		str	r3, [sp, #16]
 112 000a 0593     		str	r3, [sp, #20]
 113 000c 0693     		str	r3, [sp, #24]
 114 000e 0793     		str	r3, [sp, #28]
  78:Src/can.c     ****   if(canHandle->Instance==CAN)
 115              		.loc 1 78 0
 116 0010 0268     		ldr	r2, [r0]
 117 0012 144B     		ldr	r3, .L11
 118 0014 9A42     		cmp	r2, r3
 119 0016 02D0     		beq	.L10
 120              	.LVL3:
 121              	.L7:
  79:Src/can.c     ****   {
  80:Src/can.c     ****   /* USER CODE BEGIN CAN_MspInit 0 */
  81:Src/can.c     **** 
  82:Src/can.c     ****   /* USER CODE END CAN_MspInit 0 */
  83:Src/can.c     ****     /* CAN clock enable */
  84:Src/can.c     ****     __HAL_RCC_CAN1_CLK_ENABLE();
  85:Src/can.c     ****   
  86:Src/can.c     ****     __HAL_RCC_GPIOB_CLK_ENABLE();
  87:Src/can.c     ****     /**CAN GPIO Configuration    
  88:Src/can.c     ****     PB8     ------> CAN_RX
  89:Src/can.c     ****     PB9     ------> CAN_TX 
  90:Src/can.c     ****     */
  91:Src/can.c     ****     GPIO_InitStruct.Pin = GPIO_PIN_8|GPIO_PIN_9;
  92:Src/can.c     ****     GPIO_InitStruct.Mode = GPIO_MODE_AF_PP;
  93:Src/can.c     ****     GPIO_InitStruct.Pull = GPIO_NOPULL;
  94:Src/can.c     ****     GPIO_InitStruct.Speed = GPIO_SPEED_FREQ_HIGH;
  95:Src/can.c     ****     GPIO_InitStruct.Alternate = GPIO_AF9_CAN;
  96:Src/can.c     ****     HAL_GPIO_Init(GPIOB, &GPIO_InitStruct);
  97:Src/can.c     **** 
  98:Src/can.c     ****   /* USER CODE BEGIN CAN_MspInit 1 */
  99:Src/can.c     **** 
 100:Src/can.c     ****   /* USER CODE END CAN_MspInit 1 */
 101:Src/can.c     ****   }
 102:Src/can.c     **** }
 122              		.loc 1 102 0
 123 0018 09B0     		add	sp, sp, #36
 124              	.LCFI3:
 125              		.cfi_remember_state
 126              		.cfi_def_cfa_offset 4
 127              		@ sp needed
 128 001a 5DF804FB 		ldr	pc, [sp], #4
ARM GAS  /var/folders/pr/jy5_dyq97qq9ykqb3p58dhg00000gn/T//cceo84d0.s 			page 5


 129              	.LVL4:
 130              	.L10:
 131              	.LCFI4:
 132              		.cfi_restore_state
 133              	.LBB2:
  84:Src/can.c     ****   
 134              		.loc 1 84 0
 135 001e 03F5D633 		add	r3, r3, #109568
 136 0022 DA69     		ldr	r2, [r3, #28]
 137 0024 42F00072 		orr	r2, r2, #33554432
 138 0028 DA61     		str	r2, [r3, #28]
 139 002a DA69     		ldr	r2, [r3, #28]
 140 002c 02F00072 		and	r2, r2, #33554432
 141 0030 0192     		str	r2, [sp, #4]
 142 0032 019A     		ldr	r2, [sp, #4]
 143              	.LBE2:
 144              	.LBB3:
  86:Src/can.c     ****     /**CAN GPIO Configuration    
 145              		.loc 1 86 0
 146 0034 5A69     		ldr	r2, [r3, #20]
 147 0036 42F48022 		orr	r2, r2, #262144
 148 003a 5A61     		str	r2, [r3, #20]
 149 003c 5B69     		ldr	r3, [r3, #20]
 150 003e 03F48023 		and	r3, r3, #262144
 151 0042 0293     		str	r3, [sp, #8]
 152 0044 029B     		ldr	r3, [sp, #8]
 153              	.LBE3:
  91:Src/can.c     ****     GPIO_InitStruct.Mode = GPIO_MODE_AF_PP;
 154              		.loc 1 91 0
 155 0046 4FF44073 		mov	r3, #768
 156 004a 0393     		str	r3, [sp, #12]
  92:Src/can.c     ****     GPIO_InitStruct.Pull = GPIO_NOPULL;
 157              		.loc 1 92 0
 158 004c 0223     		movs	r3, #2
 159 004e 0493     		str	r3, [sp, #16]
  94:Src/can.c     ****     GPIO_InitStruct.Alternate = GPIO_AF9_CAN;
 160              		.loc 1 94 0
 161 0050 0323     		movs	r3, #3
 162 0052 0693     		str	r3, [sp, #24]
  95:Src/can.c     ****     HAL_GPIO_Init(GPIOB, &GPIO_InitStruct);
 163              		.loc 1 95 0
 164 0054 0923     		movs	r3, #9
 165 0056 0793     		str	r3, [sp, #28]
  96:Src/can.c     **** 
 166              		.loc 1 96 0
 167 0058 03A9     		add	r1, sp, #12
 168 005a 0348     		ldr	r0, .L11+4
 169              	.LVL5:
 170 005c FFF7FEFF 		bl	HAL_GPIO_Init
 171              	.LVL6:
 172              		.loc 1 102 0
 173 0060 DAE7     		b	.L7
 174              	.L12:
 175 0062 00BF     		.align	2
 176              	.L11:
 177 0064 00640040 		.word	1073767424
 178 0068 00040048 		.word	1207960576
ARM GAS  /var/folders/pr/jy5_dyq97qq9ykqb3p58dhg00000gn/T//cceo84d0.s 			page 6


 179              		.cfi_endproc
 180              	.LFE127:
 182              		.section	.text.HAL_CAN_MspDeInit,"ax",%progbits
 183              		.align	1
 184              		.global	HAL_CAN_MspDeInit
 185              		.syntax unified
 186              		.thumb
 187              		.thumb_func
 188              		.fpu fpv4-sp-d16
 190              	HAL_CAN_MspDeInit:
 191              	.LFB128:
 103:Src/can.c     **** 
 104:Src/can.c     **** void HAL_CAN_MspDeInit(CAN_HandleTypeDef* canHandle)
 105:Src/can.c     **** {
 192              		.loc 1 105 0
 193              		.cfi_startproc
 194              		@ args = 0, pretend = 0, frame = 0
 195              		@ frame_needed = 0, uses_anonymous_args = 0
 196              	.LVL7:
 197 0000 08B5     		push	{r3, lr}
 198              	.LCFI5:
 199              		.cfi_def_cfa_offset 8
 200              		.cfi_offset 3, -8
 201              		.cfi_offset 14, -4
 106:Src/can.c     **** 
 107:Src/can.c     ****   if(canHandle->Instance==CAN)
 202              		.loc 1 107 0
 203 0002 0268     		ldr	r2, [r0]
 204 0004 074B     		ldr	r3, .L17
 205 0006 9A42     		cmp	r2, r3
 206 0008 00D0     		beq	.L16
 207              	.LVL8:
 208              	.L13:
 108:Src/can.c     ****   {
 109:Src/can.c     ****   /* USER CODE BEGIN CAN_MspDeInit 0 */
 110:Src/can.c     **** 
 111:Src/can.c     ****   /* USER CODE END CAN_MspDeInit 0 */
 112:Src/can.c     ****     /* Peripheral clock disable */
 113:Src/can.c     ****     __HAL_RCC_CAN1_CLK_DISABLE();
 114:Src/can.c     ****   
 115:Src/can.c     ****     /**CAN GPIO Configuration    
 116:Src/can.c     ****     PB8     ------> CAN_RX
 117:Src/can.c     ****     PB9     ------> CAN_TX 
 118:Src/can.c     ****     */
 119:Src/can.c     ****     HAL_GPIO_DeInit(GPIOB, GPIO_PIN_8|GPIO_PIN_9);
 120:Src/can.c     **** 
 121:Src/can.c     ****   /* USER CODE BEGIN CAN_MspDeInit 1 */
 122:Src/can.c     **** 
 123:Src/can.c     ****   /* USER CODE END CAN_MspDeInit 1 */
 124:Src/can.c     ****   }
 125:Src/can.c     **** } 
 209              		.loc 1 125 0
 210 000a 08BD     		pop	{r3, pc}
 211              	.LVL9:
 212              	.L16:
 113:Src/can.c     ****   
 213              		.loc 1 113 0
ARM GAS  /var/folders/pr/jy5_dyq97qq9ykqb3p58dhg00000gn/T//cceo84d0.s 			page 7


 214 000c 064A     		ldr	r2, .L17+4
 215 000e D369     		ldr	r3, [r2, #28]
 216 0010 23F00073 		bic	r3, r3, #33554432
 217 0014 D361     		str	r3, [r2, #28]
 119:Src/can.c     **** 
 218              		.loc 1 119 0
 219 0016 4FF44071 		mov	r1, #768
 220 001a 0448     		ldr	r0, .L17+8
 221              	.LVL10:
 222 001c FFF7FEFF 		bl	HAL_GPIO_DeInit
 223              	.LVL11:
 224              		.loc 1 125 0
 225 0020 F3E7     		b	.L13
 226              	.L18:
 227 0022 00BF     		.align	2
 228              	.L17:
 229 0024 00640040 		.word	1073767424
 230 0028 00100240 		.word	1073876992
 231 002c 00040048 		.word	1207960576
 232              		.cfi_endproc
 233              	.LFE128:
 235              		.comm	hcan,40,4
 236              		.text
 237              	.Letext0:
 238              		.file 2 "/usr/local/Cellar/arm-none-eabi-gcc/7-2018-q2-update/gcc/arm-none-eabi/include/machine/_d
 239              		.file 3 "/usr/local/Cellar/arm-none-eabi-gcc/7-2018-q2-update/gcc/arm-none-eabi/include/sys/_stdin
 240              		.file 4 "Drivers/CMSIS/Include/core_cm4.h"
 241              		.file 5 "Drivers/CMSIS/Device/ST/STM32F3xx/Include/system_stm32f3xx.h"
 242              		.file 6 "Drivers/CMSIS/Device/ST/STM32F3xx/Include/stm32f303xc.h"
 243              		.file 7 "Drivers/CMSIS/Device/ST/STM32F3xx/Include/stm32f3xx.h"
 244              		.file 8 "/usr/local/Cellar/arm-none-eabi-gcc/7-2018-q2-update/gcc/arm-none-eabi/include/sys/lock.h
 245              		.file 9 "/usr/local/Cellar/arm-none-eabi-gcc/7-2018-q2-update/gcc/arm-none-eabi/include/sys/_types
 246              		.file 10 "/usr/local/Cellar/arm-none-eabi-gcc/7-2018-q2-update/gcc/lib/gcc/arm-none-eabi/7.3.1/inc
 247              		.file 11 "/usr/local/Cellar/arm-none-eabi-gcc/7-2018-q2-update/gcc/arm-none-eabi/include/sys/reent
 248              		.file 12 "Drivers/STM32F3xx_HAL_Driver/Inc/stm32f3xx_hal_def.h"
 249              		.file 13 "Drivers/STM32F3xx_HAL_Driver/Inc/stm32f3xx_hal_gpio.h"
 250              		.file 14 "Drivers/STM32F3xx_HAL_Driver/Inc/stm32f3xx_hal_can.h"
 251              		.file 15 "Drivers/STM32F3xx_HAL_Driver/Inc/stm32f3xx_hal.h"
 252              		.file 16 "Inc/can.h"
 253              		.file 17 "Inc/main.h"
ARM GAS  /var/folders/pr/jy5_dyq97qq9ykqb3p58dhg00000gn/T//cceo84d0.s 			page 8


DEFINED SYMBOLS
                            *ABS*:0000000000000000 can.c
/var/folders/pr/jy5_dyq97qq9ykqb3p58dhg00000gn/T//cceo84d0.s:18     .text.MX_CAN_Init:0000000000000000 $t
/var/folders/pr/jy5_dyq97qq9ykqb3p58dhg00000gn/T//cceo84d0.s:25     .text.MX_CAN_Init:0000000000000000 MX_CAN_Init
/var/folders/pr/jy5_dyq97qq9ykqb3p58dhg00000gn/T//cceo84d0.s:81     .text.MX_CAN_Init:0000000000000030 $d
                            *COM*:0000000000000028 hcan
/var/folders/pr/jy5_dyq97qq9ykqb3p58dhg00000gn/T//cceo84d0.s:87     .text.HAL_CAN_MspInit:0000000000000000 $t
/var/folders/pr/jy5_dyq97qq9ykqb3p58dhg00000gn/T//cceo84d0.s:94     .text.HAL_CAN_MspInit:0000000000000000 HAL_CAN_MspInit
/var/folders/pr/jy5_dyq97qq9ykqb3p58dhg00000gn/T//cceo84d0.s:177    .text.HAL_CAN_MspInit:0000000000000064 $d
/var/folders/pr/jy5_dyq97qq9ykqb3p58dhg00000gn/T//cceo84d0.s:183    .text.HAL_CAN_MspDeInit:0000000000000000 $t
/var/folders/pr/jy5_dyq97qq9ykqb3p58dhg00000gn/T//cceo84d0.s:190    .text.HAL_CAN_MspDeInit:0000000000000000 HAL_CAN_MspDeInit
/var/folders/pr/jy5_dyq97qq9ykqb3p58dhg00000gn/T//cceo84d0.s:229    .text.HAL_CAN_MspDeInit:0000000000000024 $d

UNDEFINED SYMBOLS
HAL_CAN_Init
Error_Handler
HAL_GPIO_Init
HAL_GPIO_DeInit
