ARM GAS  /var/folders/pr/jy5_dyq97qq9ykqb3p58dhg00000gn/T//ccr1xH6c.s 			page 1


   1              		.cpu cortex-m4
   2              		.eabi_attribute 27, 1
   3              		.eabi_attribute 28, 1
   4              		.eabi_attribute 20, 1
   5              		.eabi_attribute 21, 1
   6              		.eabi_attribute 23, 3
   7              		.eabi_attribute 24, 1
   8              		.eabi_attribute 25, 1
   9              		.eabi_attribute 26, 1
  10              		.eabi_attribute 30, 1
  11              		.eabi_attribute 34, 1
  12              		.eabi_attribute 18, 4
  13              		.file	"usart.c"
  14              		.text
  15              	.Ltext0:
  16              		.cfi_sections	.debug_frame
  17              		.section	.text.MX_USART3_UART_Init,"ax",%progbits
  18              		.align	1
  19              		.global	MX_USART3_UART_Init
  20              		.syntax unified
  21              		.thumb
  22              		.thumb_func
  23              		.fpu fpv4-sp-d16
  25              	MX_USART3_UART_Init:
  26              	.LFB126:
  27              		.file 1 "Src/usart.c"
   1:Src/usart.c   **** /**
   2:Src/usart.c   ****   ******************************************************************************
   3:Src/usart.c   ****   * File Name          : USART.c
   4:Src/usart.c   ****   * Description        : This file provides code for the configuration
   5:Src/usart.c   ****   *                      of the USART instances.
   6:Src/usart.c   ****   ******************************************************************************
   7:Src/usart.c   ****   ** This notice applies to any and all portions of this file
   8:Src/usart.c   ****   * that are not between comment pairs USER CODE BEGIN and
   9:Src/usart.c   ****   * USER CODE END. Other portions of this file, whether 
  10:Src/usart.c   ****   * inserted by the user or by software development tools
  11:Src/usart.c   ****   * are owned by their respective copyright owners.
  12:Src/usart.c   ****   *
  13:Src/usart.c   ****   * COPYRIGHT(c) 2019 STMicroelectronics
  14:Src/usart.c   ****   *
  15:Src/usart.c   ****   * Redistribution and use in source and binary forms, with or without modification,
  16:Src/usart.c   ****   * are permitted provided that the following conditions are met:
  17:Src/usart.c   ****   *   1. Redistributions of source code must retain the above copyright notice,
  18:Src/usart.c   ****   *      this list of conditions and the following disclaimer.
  19:Src/usart.c   ****   *   2. Redistributions in binary form must reproduce the above copyright notice,
  20:Src/usart.c   ****   *      this list of conditions and the following disclaimer in the documentation
  21:Src/usart.c   ****   *      and/or other materials provided with the distribution.
  22:Src/usart.c   ****   *   3. Neither the name of STMicroelectronics nor the names of its contributors
  23:Src/usart.c   ****   *      may be used to endorse or promote products derived from this software
  24:Src/usart.c   ****   *      without specific prior written permission.
  25:Src/usart.c   ****   *
  26:Src/usart.c   ****   * THIS SOFTWARE IS PROVIDED BY THE COPYRIGHT HOLDERS AND CONTRIBUTORS "AS IS"
  27:Src/usart.c   ****   * AND ANY EXPRESS OR IMPLIED WARRANTIES, INCLUDING, BUT NOT LIMITED TO, THE
  28:Src/usart.c   ****   * IMPLIED WARRANTIES OF MERCHANTABILITY AND FITNESS FOR A PARTICULAR PURPOSE ARE
  29:Src/usart.c   ****   * DISCLAIMED. IN NO EVENT SHALL THE COPYRIGHT HOLDER OR CONTRIBUTORS BE LIABLE
  30:Src/usart.c   ****   * FOR ANY DIRECT, INDIRECT, INCIDENTAL, SPECIAL, EXEMPLARY, OR CONSEQUENTIAL
  31:Src/usart.c   ****   * DAMAGES (INCLUDING, BUT NOT LIMITED TO, PROCUREMENT OF SUBSTITUTE GOODS OR
ARM GAS  /var/folders/pr/jy5_dyq97qq9ykqb3p58dhg00000gn/T//ccr1xH6c.s 			page 2


  32:Src/usart.c   ****   * SERVICES; LOSS OF USE, DATA, OR PROFITS; OR BUSINESS INTERRUPTION) HOWEVER
  33:Src/usart.c   ****   * CAUSED AND ON ANY THEORY OF LIABILITY, WHETHER IN CONTRACT, STRICT LIABILITY,
  34:Src/usart.c   ****   * OR TORT (INCLUDING NEGLIGENCE OR OTHERWISE) ARISING IN ANY WAY OUT OF THE USE
  35:Src/usart.c   ****   * OF THIS SOFTWARE, EVEN IF ADVISED OF THE POSSIBILITY OF SUCH DAMAGE.
  36:Src/usart.c   ****   *
  37:Src/usart.c   ****   ******************************************************************************
  38:Src/usart.c   ****   */
  39:Src/usart.c   **** 
  40:Src/usart.c   **** /* Includes ------------------------------------------------------------------*/
  41:Src/usart.c   **** #include "usart.h"
  42:Src/usart.c   **** 
  43:Src/usart.c   **** /* USER CODE BEGIN 0 */
  44:Src/usart.c   **** 
  45:Src/usart.c   **** /* USER CODE END 0 */
  46:Src/usart.c   **** 
  47:Src/usart.c   **** UART_HandleTypeDef huart3;
  48:Src/usart.c   **** 
  49:Src/usart.c   **** /* USART3 init function */
  50:Src/usart.c   **** 
  51:Src/usart.c   **** void MX_USART3_UART_Init(void)
  52:Src/usart.c   **** {
  28              		.loc 1 52 0
  29              		.cfi_startproc
  30              		@ args = 0, pretend = 0, frame = 0
  31              		@ frame_needed = 0, uses_anonymous_args = 0
  32 0000 08B5     		push	{r3, lr}
  33              	.LCFI0:
  34              		.cfi_def_cfa_offset 8
  35              		.cfi_offset 3, -8
  36              		.cfi_offset 14, -4
  53:Src/usart.c   **** 
  54:Src/usart.c   ****   huart3.Instance = USART3;
  37              		.loc 1 54 0
  38 0002 0B48     		ldr	r0, .L5
  39 0004 0B4B     		ldr	r3, .L5+4
  40 0006 0360     		str	r3, [r0]
  55:Src/usart.c   ****   huart3.Init.BaudRate = 38400;
  41              		.loc 1 55 0
  42 0008 4FF41643 		mov	r3, #38400
  43 000c 4360     		str	r3, [r0, #4]
  56:Src/usart.c   ****   huart3.Init.WordLength = UART_WORDLENGTH_8B;
  44              		.loc 1 56 0
  45 000e 0023     		movs	r3, #0
  46 0010 8360     		str	r3, [r0, #8]
  57:Src/usart.c   ****   huart3.Init.StopBits = UART_STOPBITS_1;
  47              		.loc 1 57 0
  48 0012 C360     		str	r3, [r0, #12]
  58:Src/usart.c   ****   huart3.Init.Parity = UART_PARITY_NONE;
  49              		.loc 1 58 0
  50 0014 0361     		str	r3, [r0, #16]
  59:Src/usart.c   ****   huart3.Init.Mode = UART_MODE_TX_RX;
  51              		.loc 1 59 0
  52 0016 0C22     		movs	r2, #12
  53 0018 4261     		str	r2, [r0, #20]
  60:Src/usart.c   ****   huart3.Init.HwFlowCtl = UART_HWCONTROL_NONE;
  54              		.loc 1 60 0
  55 001a 8361     		str	r3, [r0, #24]
ARM GAS  /var/folders/pr/jy5_dyq97qq9ykqb3p58dhg00000gn/T//ccr1xH6c.s 			page 3


  61:Src/usart.c   ****   huart3.Init.OverSampling = UART_OVERSAMPLING_16;
  56              		.loc 1 61 0
  57 001c C361     		str	r3, [r0, #28]
  62:Src/usart.c   ****   huart3.Init.OneBitSampling = UART_ONE_BIT_SAMPLE_DISABLE;
  58              		.loc 1 62 0
  59 001e 0362     		str	r3, [r0, #32]
  63:Src/usart.c   ****   huart3.AdvancedInit.AdvFeatureInit = UART_ADVFEATURE_NO_INIT;
  60              		.loc 1 63 0
  61 0020 4362     		str	r3, [r0, #36]
  64:Src/usart.c   ****   if (HAL_UART_Init(&huart3) != HAL_OK)
  62              		.loc 1 64 0
  63 0022 FFF7FEFF 		bl	HAL_UART_Init
  64              	.LVL0:
  65 0026 00B9     		cbnz	r0, .L4
  66              	.L1:
  65:Src/usart.c   ****   {
  66:Src/usart.c   ****     Error_Handler();
  67:Src/usart.c   ****   }
  68:Src/usart.c   **** 
  69:Src/usart.c   **** }
  67              		.loc 1 69 0
  68 0028 08BD     		pop	{r3, pc}
  69              	.L4:
  66:Src/usart.c   ****   }
  70              		.loc 1 66 0
  71 002a FFF7FEFF 		bl	Error_Handler
  72              	.LVL1:
  73              		.loc 1 69 0
  74 002e FBE7     		b	.L1
  75              	.L6:
  76              		.align	2
  77              	.L5:
  78 0030 00000000 		.word	huart3
  79 0034 00480040 		.word	1073760256
  80              		.cfi_endproc
  81              	.LFE126:
  83              		.section	.text.HAL_UART_MspInit,"ax",%progbits
  84              		.align	1
  85              		.global	HAL_UART_MspInit
  86              		.syntax unified
  87              		.thumb
  88              		.thumb_func
  89              		.fpu fpv4-sp-d16
  91              	HAL_UART_MspInit:
  92              	.LFB127:
  70:Src/usart.c   **** 
  71:Src/usart.c   **** void HAL_UART_MspInit(UART_HandleTypeDef* uartHandle)
  72:Src/usart.c   **** {
  93              		.loc 1 72 0
  94              		.cfi_startproc
  95              		@ args = 0, pretend = 0, frame = 32
  96              		@ frame_needed = 0, uses_anonymous_args = 0
  97              	.LVL2:
  98 0000 00B5     		push	{lr}
  99              	.LCFI1:
 100              		.cfi_def_cfa_offset 4
 101              		.cfi_offset 14, -4
ARM GAS  /var/folders/pr/jy5_dyq97qq9ykqb3p58dhg00000gn/T//ccr1xH6c.s 			page 4


 102 0002 89B0     		sub	sp, sp, #36
 103              	.LCFI2:
 104              		.cfi_def_cfa_offset 40
  73:Src/usart.c   **** 
  74:Src/usart.c   ****   GPIO_InitTypeDef GPIO_InitStruct = {0};
 105              		.loc 1 74 0
 106 0004 0023     		movs	r3, #0
 107 0006 0393     		str	r3, [sp, #12]
 108 0008 0493     		str	r3, [sp, #16]
 109 000a 0593     		str	r3, [sp, #20]
 110 000c 0693     		str	r3, [sp, #24]
 111 000e 0793     		str	r3, [sp, #28]
  75:Src/usart.c   ****   if(uartHandle->Instance==USART3)
 112              		.loc 1 75 0
 113 0010 0268     		ldr	r2, [r0]
 114 0012 144B     		ldr	r3, .L11
 115 0014 9A42     		cmp	r2, r3
 116 0016 02D0     		beq	.L10
 117              	.LVL3:
 118              	.L7:
  76:Src/usart.c   ****   {
  77:Src/usart.c   ****   /* USER CODE BEGIN USART3_MspInit 0 */
  78:Src/usart.c   **** 
  79:Src/usart.c   ****   /* USER CODE END USART3_MspInit 0 */
  80:Src/usart.c   ****     /* USART3 clock enable */
  81:Src/usart.c   ****     __HAL_RCC_USART3_CLK_ENABLE();
  82:Src/usart.c   ****   
  83:Src/usart.c   ****     __HAL_RCC_GPIOB_CLK_ENABLE();
  84:Src/usart.c   ****     /**USART3 GPIO Configuration    
  85:Src/usart.c   ****     PB10     ------> USART3_TX
  86:Src/usart.c   ****     PB11     ------> USART3_RX 
  87:Src/usart.c   ****     */
  88:Src/usart.c   ****     GPIO_InitStruct.Pin = GPIO_PIN_10|GPIO_PIN_11;
  89:Src/usart.c   ****     GPIO_InitStruct.Mode = GPIO_MODE_AF_PP;
  90:Src/usart.c   ****     GPIO_InitStruct.Pull = GPIO_NOPULL;
  91:Src/usart.c   ****     GPIO_InitStruct.Speed = GPIO_SPEED_FREQ_HIGH;
  92:Src/usart.c   ****     GPIO_InitStruct.Alternate = GPIO_AF7_USART3;
  93:Src/usart.c   ****     HAL_GPIO_Init(GPIOB, &GPIO_InitStruct);
  94:Src/usart.c   **** 
  95:Src/usart.c   ****   /* USER CODE BEGIN USART3_MspInit 1 */
  96:Src/usart.c   **** 
  97:Src/usart.c   ****   /* USER CODE END USART3_MspInit 1 */
  98:Src/usart.c   ****   }
  99:Src/usart.c   **** }
 119              		.loc 1 99 0
 120 0018 09B0     		add	sp, sp, #36
 121              	.LCFI3:
 122              		.cfi_remember_state
 123              		.cfi_def_cfa_offset 4
 124              		@ sp needed
 125 001a 5DF804FB 		ldr	pc, [sp], #4
 126              	.LVL4:
 127              	.L10:
 128              	.LCFI4:
 129              		.cfi_restore_state
 130              	.LBB2:
  81:Src/usart.c   ****   
ARM GAS  /var/folders/pr/jy5_dyq97qq9ykqb3p58dhg00000gn/T//ccr1xH6c.s 			page 5


 131              		.loc 1 81 0
 132 001e 03F5E433 		add	r3, r3, #116736
 133 0022 DA69     		ldr	r2, [r3, #28]
 134 0024 42F48022 		orr	r2, r2, #262144
 135 0028 DA61     		str	r2, [r3, #28]
 136 002a DA69     		ldr	r2, [r3, #28]
 137 002c 02F48022 		and	r2, r2, #262144
 138 0030 0192     		str	r2, [sp, #4]
 139 0032 019A     		ldr	r2, [sp, #4]
 140              	.LBE2:
 141              	.LBB3:
  83:Src/usart.c   ****     /**USART3 GPIO Configuration    
 142              		.loc 1 83 0
 143 0034 5A69     		ldr	r2, [r3, #20]
 144 0036 42F48022 		orr	r2, r2, #262144
 145 003a 5A61     		str	r2, [r3, #20]
 146 003c 5B69     		ldr	r3, [r3, #20]
 147 003e 03F48023 		and	r3, r3, #262144
 148 0042 0293     		str	r3, [sp, #8]
 149 0044 029B     		ldr	r3, [sp, #8]
 150              	.LBE3:
  88:Src/usart.c   ****     GPIO_InitStruct.Mode = GPIO_MODE_AF_PP;
 151              		.loc 1 88 0
 152 0046 4FF44063 		mov	r3, #3072
 153 004a 0393     		str	r3, [sp, #12]
  89:Src/usart.c   ****     GPIO_InitStruct.Pull = GPIO_NOPULL;
 154              		.loc 1 89 0
 155 004c 0223     		movs	r3, #2
 156 004e 0493     		str	r3, [sp, #16]
  91:Src/usart.c   ****     GPIO_InitStruct.Alternate = GPIO_AF7_USART3;
 157              		.loc 1 91 0
 158 0050 0323     		movs	r3, #3
 159 0052 0693     		str	r3, [sp, #24]
  92:Src/usart.c   ****     HAL_GPIO_Init(GPIOB, &GPIO_InitStruct);
 160              		.loc 1 92 0
 161 0054 0723     		movs	r3, #7
 162 0056 0793     		str	r3, [sp, #28]
  93:Src/usart.c   **** 
 163              		.loc 1 93 0
 164 0058 03A9     		add	r1, sp, #12
 165 005a 0348     		ldr	r0, .L11+4
 166              	.LVL5:
 167 005c FFF7FEFF 		bl	HAL_GPIO_Init
 168              	.LVL6:
 169              		.loc 1 99 0
 170 0060 DAE7     		b	.L7
 171              	.L12:
 172 0062 00BF     		.align	2
 173              	.L11:
 174 0064 00480040 		.word	1073760256
 175 0068 00040048 		.word	1207960576
 176              		.cfi_endproc
 177              	.LFE127:
 179              		.section	.text.HAL_UART_MspDeInit,"ax",%progbits
 180              		.align	1
 181              		.global	HAL_UART_MspDeInit
 182              		.syntax unified
ARM GAS  /var/folders/pr/jy5_dyq97qq9ykqb3p58dhg00000gn/T//ccr1xH6c.s 			page 6


 183              		.thumb
 184              		.thumb_func
 185              		.fpu fpv4-sp-d16
 187              	HAL_UART_MspDeInit:
 188              	.LFB128:
 100:Src/usart.c   **** 
 101:Src/usart.c   **** void HAL_UART_MspDeInit(UART_HandleTypeDef* uartHandle)
 102:Src/usart.c   **** {
 189              		.loc 1 102 0
 190              		.cfi_startproc
 191              		@ args = 0, pretend = 0, frame = 0
 192              		@ frame_needed = 0, uses_anonymous_args = 0
 193              	.LVL7:
 194 0000 08B5     		push	{r3, lr}
 195              	.LCFI5:
 196              		.cfi_def_cfa_offset 8
 197              		.cfi_offset 3, -8
 198              		.cfi_offset 14, -4
 103:Src/usart.c   **** 
 104:Src/usart.c   ****   if(uartHandle->Instance==USART3)
 199              		.loc 1 104 0
 200 0002 0268     		ldr	r2, [r0]
 201 0004 074B     		ldr	r3, .L17
 202 0006 9A42     		cmp	r2, r3
 203 0008 00D0     		beq	.L16
 204              	.LVL8:
 205              	.L13:
 105:Src/usart.c   ****   {
 106:Src/usart.c   ****   /* USER CODE BEGIN USART3_MspDeInit 0 */
 107:Src/usart.c   **** 
 108:Src/usart.c   ****   /* USER CODE END USART3_MspDeInit 0 */
 109:Src/usart.c   ****     /* Peripheral clock disable */
 110:Src/usart.c   ****     __HAL_RCC_USART3_CLK_DISABLE();
 111:Src/usart.c   ****   
 112:Src/usart.c   ****     /**USART3 GPIO Configuration    
 113:Src/usart.c   ****     PB10     ------> USART3_TX
 114:Src/usart.c   ****     PB11     ------> USART3_RX 
 115:Src/usart.c   ****     */
 116:Src/usart.c   ****     HAL_GPIO_DeInit(GPIOB, GPIO_PIN_10|GPIO_PIN_11);
 117:Src/usart.c   **** 
 118:Src/usart.c   ****   /* USER CODE BEGIN USART3_MspDeInit 1 */
 119:Src/usart.c   **** 
 120:Src/usart.c   ****   /* USER CODE END USART3_MspDeInit 1 */
 121:Src/usart.c   ****   }
 122:Src/usart.c   **** } 
 206              		.loc 1 122 0
 207 000a 08BD     		pop	{r3, pc}
 208              	.LVL9:
 209              	.L16:
 110:Src/usart.c   ****   
 210              		.loc 1 110 0
 211 000c 064A     		ldr	r2, .L17+4
 212 000e D369     		ldr	r3, [r2, #28]
 213 0010 23F48023 		bic	r3, r3, #262144
 214 0014 D361     		str	r3, [r2, #28]
 116:Src/usart.c   **** 
 215              		.loc 1 116 0
ARM GAS  /var/folders/pr/jy5_dyq97qq9ykqb3p58dhg00000gn/T//ccr1xH6c.s 			page 7


 216 0016 4FF44061 		mov	r1, #3072
 217 001a 0448     		ldr	r0, .L17+8
 218              	.LVL10:
 219 001c FFF7FEFF 		bl	HAL_GPIO_DeInit
 220              	.LVL11:
 221              		.loc 1 122 0
 222 0020 F3E7     		b	.L13
 223              	.L18:
 224 0022 00BF     		.align	2
 225              	.L17:
 226 0024 00480040 		.word	1073760256
 227 0028 00100240 		.word	1073876992
 228 002c 00040048 		.word	1207960576
 229              		.cfi_endproc
 230              	.LFE128:
 232              		.comm	huart3,112,4
 233              		.text
 234              	.Letext0:
 235              		.file 2 "/usr/local/Cellar/arm-none-eabi-gcc/7-2018-q2-update/gcc/arm-none-eabi/include/machine/_d
 236              		.file 3 "/usr/local/Cellar/arm-none-eabi-gcc/7-2018-q2-update/gcc/arm-none-eabi/include/sys/_stdin
 237              		.file 4 "Drivers/CMSIS/Include/core_cm4.h"
 238              		.file 5 "Drivers/CMSIS/Device/ST/STM32F3xx/Include/system_stm32f3xx.h"
 239              		.file 6 "Drivers/CMSIS/Device/ST/STM32F3xx/Include/stm32f303xc.h"
 240              		.file 7 "/usr/local/Cellar/arm-none-eabi-gcc/7-2018-q2-update/gcc/arm-none-eabi/include/sys/lock.h
 241              		.file 8 "/usr/local/Cellar/arm-none-eabi-gcc/7-2018-q2-update/gcc/arm-none-eabi/include/sys/_types
 242              		.file 9 "/usr/local/Cellar/arm-none-eabi-gcc/7-2018-q2-update/gcc/lib/gcc/arm-none-eabi/7.3.1/incl
 243              		.file 10 "/usr/local/Cellar/arm-none-eabi-gcc/7-2018-q2-update/gcc/arm-none-eabi/include/sys/reent
 244              		.file 11 "Drivers/STM32F3xx_HAL_Driver/Inc/stm32f3xx_hal_def.h"
 245              		.file 12 "Drivers/STM32F3xx_HAL_Driver/Inc/stm32f3xx_hal_gpio.h"
 246              		.file 13 "Drivers/STM32F3xx_HAL_Driver/Inc/stm32f3xx_hal_dma.h"
 247              		.file 14 "Drivers/STM32F3xx_HAL_Driver/Inc/stm32f3xx_hal_uart.h"
 248              		.file 15 "Drivers/STM32F3xx_HAL_Driver/Inc/stm32f3xx_hal.h"
 249              		.file 16 "Inc/usart.h"
 250              		.file 17 "Inc/main.h"
ARM GAS  /var/folders/pr/jy5_dyq97qq9ykqb3p58dhg00000gn/T//ccr1xH6c.s 			page 8


DEFINED SYMBOLS
                            *ABS*:0000000000000000 usart.c
/var/folders/pr/jy5_dyq97qq9ykqb3p58dhg00000gn/T//ccr1xH6c.s:18     .text.MX_USART3_UART_Init:0000000000000000 $t
/var/folders/pr/jy5_dyq97qq9ykqb3p58dhg00000gn/T//ccr1xH6c.s:25     .text.MX_USART3_UART_Init:0000000000000000 MX_USART3_UART_Init
/var/folders/pr/jy5_dyq97qq9ykqb3p58dhg00000gn/T//ccr1xH6c.s:78     .text.MX_USART3_UART_Init:0000000000000030 $d
                            *COM*:0000000000000070 huart3
/var/folders/pr/jy5_dyq97qq9ykqb3p58dhg00000gn/T//ccr1xH6c.s:84     .text.HAL_UART_MspInit:0000000000000000 $t
/var/folders/pr/jy5_dyq97qq9ykqb3p58dhg00000gn/T//ccr1xH6c.s:91     .text.HAL_UART_MspInit:0000000000000000 HAL_UART_MspInit
/var/folders/pr/jy5_dyq97qq9ykqb3p58dhg00000gn/T//ccr1xH6c.s:174    .text.HAL_UART_MspInit:0000000000000064 $d
/var/folders/pr/jy5_dyq97qq9ykqb3p58dhg00000gn/T//ccr1xH6c.s:180    .text.HAL_UART_MspDeInit:0000000000000000 $t
/var/folders/pr/jy5_dyq97qq9ykqb3p58dhg00000gn/T//ccr1xH6c.s:187    .text.HAL_UART_MspDeInit:0000000000000000 HAL_UART_MspDeInit
/var/folders/pr/jy5_dyq97qq9ykqb3p58dhg00000gn/T//ccr1xH6c.s:226    .text.HAL_UART_MspDeInit:0000000000000024 $d

UNDEFINED SYMBOLS
HAL_UART_Init
Error_Handler
HAL_GPIO_Init
HAL_GPIO_DeInit
