ARM GAS  /var/folders/pr/jy5_dyq97qq9ykqb3p58dhg00000gn/T//ccIaUPNV.s 			page 1


   1              		.cpu cortex-m4
   2              		.eabi_attribute 27, 1
   3              		.eabi_attribute 28, 1
   4              		.eabi_attribute 20, 1
   5              		.eabi_attribute 21, 1
   6              		.eabi_attribute 23, 3
   7              		.eabi_attribute 24, 1
   8              		.eabi_attribute 25, 1
   9              		.eabi_attribute 26, 1
  10              		.eabi_attribute 30, 1
  11              		.eabi_attribute 34, 1
  12              		.eabi_attribute 18, 4
  13              		.file	"gpio.c"
  14              		.text
  15              	.Ltext0:
  16              		.cfi_sections	.debug_frame
  17              		.section	.text.MX_GPIO_Init,"ax",%progbits
  18              		.align	1
  19              		.global	MX_GPIO_Init
  20              		.syntax unified
  21              		.thumb
  22              		.thumb_func
  23              		.fpu fpv4-sp-d16
  25              	MX_GPIO_Init:
  26              	.LFB126:
  27              		.file 1 "Src/gpio.c"
   1:Src/gpio.c    **** /**
   2:Src/gpio.c    ****   ******************************************************************************
   3:Src/gpio.c    ****   * File Name          : gpio.c
   4:Src/gpio.c    ****   * Description        : This file provides code for the configuration
   5:Src/gpio.c    ****   *                      of all used GPIO pins.
   6:Src/gpio.c    ****   ******************************************************************************
   7:Src/gpio.c    ****   * This notice applies to any and all portions of this file
   8:Src/gpio.c    ****   * that are not between comment pairs USER CODE BEGIN and
   9:Src/gpio.c    ****   * USER CODE END. Other portions of this file, whether 
  10:Src/gpio.c    ****   * inserted by the user or by software development tools
  11:Src/gpio.c    ****   * are owned by their respective copyright owners.
  12:Src/gpio.c    ****   *
  13:Src/gpio.c    ****   * Copyright (c) 2019 STMicroelectronics International N.V. 
  14:Src/gpio.c    ****   * All rights reserved.
  15:Src/gpio.c    ****   *
  16:Src/gpio.c    ****   * Redistribution and use in source and binary forms, with or without 
  17:Src/gpio.c    ****   * modification, are permitted, provided that the following conditions are met:
  18:Src/gpio.c    ****   *
  19:Src/gpio.c    ****   * 1. Redistribution of source code must retain the above copyright notice, 
  20:Src/gpio.c    ****   *    this list of conditions and the following disclaimer.
  21:Src/gpio.c    ****   * 2. Redistributions in binary form must reproduce the above copyright notice,
  22:Src/gpio.c    ****   *    this list of conditions and the following disclaimer in the documentation
  23:Src/gpio.c    ****   *    and/or other materials provided with the distribution.
  24:Src/gpio.c    ****   * 3. Neither the name of STMicroelectronics nor the names of other 
  25:Src/gpio.c    ****   *    contributors to this software may be used to endorse or promote products 
  26:Src/gpio.c    ****   *    derived from this software without specific written permission.
  27:Src/gpio.c    ****   * 4. This software, including modifications and/or derivative works of this 
  28:Src/gpio.c    ****   *    software, must execute solely and exclusively on microcontroller or
  29:Src/gpio.c    ****   *    microprocessor devices manufactured by or for STMicroelectronics.
  30:Src/gpio.c    ****   * 5. Redistribution and use of this software other than as permitted under 
  31:Src/gpio.c    ****   *    this license is void and will automatically terminate your rights under 
ARM GAS  /var/folders/pr/jy5_dyq97qq9ykqb3p58dhg00000gn/T//ccIaUPNV.s 			page 2


  32:Src/gpio.c    ****   *    this license. 
  33:Src/gpio.c    ****   *
  34:Src/gpio.c    ****   * THIS SOFTWARE IS PROVIDED BY STMICROELECTRONICS AND CONTRIBUTORS "AS IS" 
  35:Src/gpio.c    ****   * AND ANY EXPRESS, IMPLIED OR STATUTORY WARRANTIES, INCLUDING, BUT NOT 
  36:Src/gpio.c    ****   * LIMITED TO, THE IMPLIED WARRANTIES OF MERCHANTABILITY, FITNESS FOR A 
  37:Src/gpio.c    ****   * PARTICULAR PURPOSE AND NON-INFRINGEMENT OF THIRD PARTY INTELLECTUAL PROPERTY
  38:Src/gpio.c    ****   * RIGHTS ARE DISCLAIMED TO THE FULLEST EXTENT PERMITTED BY LAW. IN NO EVENT 
  39:Src/gpio.c    ****   * SHALL STMICROELECTRONICS OR CONTRIBUTORS BE LIABLE FOR ANY DIRECT, INDIRECT,
  40:Src/gpio.c    ****   * INCIDENTAL, SPECIAL, EXEMPLARY, OR CONSEQUENTIAL DAMAGES (INCLUDING, BUT NOT
  41:Src/gpio.c    ****   * LIMITED TO, PROCUREMENT OF SUBSTITUTE GOODS OR SERVICES; LOSS OF USE, DATA, 
  42:Src/gpio.c    ****   * OR PROFITS; OR BUSINESS INTERRUPTION) HOWEVER CAUSED AND ON ANY THEORY OF 
  43:Src/gpio.c    ****   * LIABILITY, WHETHER IN CONTRACT, STRICT LIABILITY, OR TORT (INCLUDING 
  44:Src/gpio.c    ****   * NEGLIGENCE OR OTHERWISE) ARISING IN ANY WAY OUT OF THE USE OF THIS SOFTWARE,
  45:Src/gpio.c    ****   * EVEN IF ADVISED OF THE POSSIBILITY OF SUCH DAMAGE.
  46:Src/gpio.c    ****   *
  47:Src/gpio.c    ****   ******************************************************************************
  48:Src/gpio.c    ****   */
  49:Src/gpio.c    **** 
  50:Src/gpio.c    **** /* Includes ------------------------------------------------------------------*/
  51:Src/gpio.c    **** #include "gpio.h"
  52:Src/gpio.c    **** /* USER CODE BEGIN 0 */
  53:Src/gpio.c    **** 
  54:Src/gpio.c    **** /* USER CODE END 0 */
  55:Src/gpio.c    **** 
  56:Src/gpio.c    **** /*----------------------------------------------------------------------------*/
  57:Src/gpio.c    **** /* Configure GPIO                                                             */
  58:Src/gpio.c    **** /*----------------------------------------------------------------------------*/
  59:Src/gpio.c    **** /* USER CODE BEGIN 1 */
  60:Src/gpio.c    **** 
  61:Src/gpio.c    **** /* USER CODE END 1 */
  62:Src/gpio.c    **** 
  63:Src/gpio.c    **** /** Configure pins as 
  64:Src/gpio.c    ****         * Analog 
  65:Src/gpio.c    ****         * Input 
  66:Src/gpio.c    ****         * Output
  67:Src/gpio.c    ****         * EVENT_OUT
  68:Src/gpio.c    ****         * EXTI
  69:Src/gpio.c    **** */
  70:Src/gpio.c    **** void MX_GPIO_Init(void)
  71:Src/gpio.c    **** {
  28              		.loc 1 71 0
  29              		.cfi_startproc
  30              		@ args = 0, pretend = 0, frame = 40
  31              		@ frame_needed = 0, uses_anonymous_args = 0
  32 0000 F0B5     		push	{r4, r5, r6, r7, lr}
  33              	.LCFI0:
  34              		.cfi_def_cfa_offset 20
  35              		.cfi_offset 4, -20
  36              		.cfi_offset 5, -16
  37              		.cfi_offset 6, -12
  38              		.cfi_offset 7, -8
  39              		.cfi_offset 14, -4
  40 0002 8BB0     		sub	sp, sp, #44
  41              	.LCFI1:
  42              		.cfi_def_cfa_offset 64
  72:Src/gpio.c    **** 
  73:Src/gpio.c    ****   GPIO_InitTypeDef GPIO_InitStruct = {0};
ARM GAS  /var/folders/pr/jy5_dyq97qq9ykqb3p58dhg00000gn/T//ccIaUPNV.s 			page 3


  43              		.loc 1 73 0
  44 0004 0024     		movs	r4, #0
  45 0006 0594     		str	r4, [sp, #20]
  46 0008 0694     		str	r4, [sp, #24]
  47 000a 0794     		str	r4, [sp, #28]
  48 000c 0894     		str	r4, [sp, #32]
  49 000e 0994     		str	r4, [sp, #36]
  50              	.LBB2:
  74:Src/gpio.c    **** 
  75:Src/gpio.c    ****   /* GPIO Ports Clock Enable */
  76:Src/gpio.c    ****   __HAL_RCC_GPIOC_CLK_ENABLE();
  51              		.loc 1 76 0
  52 0010 314B     		ldr	r3, .L3
  53 0012 5A69     		ldr	r2, [r3, #20]
  54 0014 42F40022 		orr	r2, r2, #524288
  55 0018 5A61     		str	r2, [r3, #20]
  56 001a 5A69     		ldr	r2, [r3, #20]
  57 001c 02F40022 		and	r2, r2, #524288
  58 0020 0192     		str	r2, [sp, #4]
  59 0022 019A     		ldr	r2, [sp, #4]
  60              	.LBE2:
  61              	.LBB3:
  77:Src/gpio.c    ****   __HAL_RCC_GPIOF_CLK_ENABLE();
  62              		.loc 1 77 0
  63 0024 5A69     		ldr	r2, [r3, #20]
  64 0026 42F48002 		orr	r2, r2, #4194304
  65 002a 5A61     		str	r2, [r3, #20]
  66 002c 5A69     		ldr	r2, [r3, #20]
  67 002e 02F48002 		and	r2, r2, #4194304
  68 0032 0292     		str	r2, [sp, #8]
  69 0034 029A     		ldr	r2, [sp, #8]
  70              	.LBE3:
  71              	.LBB4:
  78:Src/gpio.c    ****   __HAL_RCC_GPIOA_CLK_ENABLE();
  72              		.loc 1 78 0
  73 0036 5A69     		ldr	r2, [r3, #20]
  74 0038 42F40032 		orr	r2, r2, #131072
  75 003c 5A61     		str	r2, [r3, #20]
  76 003e 5A69     		ldr	r2, [r3, #20]
  77 0040 02F40032 		and	r2, r2, #131072
  78 0044 0392     		str	r2, [sp, #12]
  79 0046 039A     		ldr	r2, [sp, #12]
  80              	.LBE4:
  81              	.LBB5:
  79:Src/gpio.c    ****   __HAL_RCC_GPIOB_CLK_ENABLE();
  82              		.loc 1 79 0
  83 0048 5A69     		ldr	r2, [r3, #20]
  84 004a 42F48022 		orr	r2, r2, #262144
  85 004e 5A61     		str	r2, [r3, #20]
  86 0050 5B69     		ldr	r3, [r3, #20]
  87 0052 03F48023 		and	r3, r3, #262144
  88 0056 0493     		str	r3, [sp, #16]
  89 0058 049B     		ldr	r3, [sp, #16]
  90              	.LBE5:
  80:Src/gpio.c    **** 
  81:Src/gpio.c    ****   /*Configure GPIO pin Output Level */
  82:Src/gpio.c    ****   HAL_GPIO_WritePin(In8_GPIO_Port, In8_Pin, GPIO_PIN_RESET);
ARM GAS  /var/folders/pr/jy5_dyq97qq9ykqb3p58dhg00000gn/T//ccIaUPNV.s 			page 4


  91              		.loc 1 82 0
  92 005a 204F     		ldr	r7, .L3+4
  93 005c 2246     		mov	r2, r4
  94 005e 4FF40051 		mov	r1, #8192
  95 0062 3846     		mov	r0, r7
  96 0064 FFF7FEFF 		bl	HAL_GPIO_WritePin
  97              	.LVL0:
  83:Src/gpio.c    **** 
  84:Src/gpio.c    ****   /*Configure GPIO pin Output Level */
  85:Src/gpio.c    ****   HAL_GPIO_WritePin(GPIOA, LED_Pin|In10_Pin|In5_Pin|In4_Pin 
  98              		.loc 1 85 0
  99 0068 2246     		mov	r2, r4
 100 006a 41F60971 		movw	r1, #7945
 101 006e 4FF09040 		mov	r0, #1207959552
 102 0072 FFF7FEFF 		bl	HAL_GPIO_WritePin
 103              	.LVL1:
  86:Src/gpio.c    ****                           |In3_Pin|In7_Pin|In6_Pin, GPIO_PIN_RESET);
  87:Src/gpio.c    **** 
  88:Src/gpio.c    ****   /*Configure GPIO pin Output Level */
  89:Src/gpio.c    ****   HAL_GPIO_WritePin(GPIOB, In9_Pin|GPIO_PIN_1|GPIO_PIN_2|CAN_S_Pin 
 104              		.loc 1 89 0
 105 0076 1A4D     		ldr	r5, .L3+8
 106 0078 2246     		mov	r2, r4
 107 007a 4FF20701 		movw	r1, #61447
 108 007e 2846     		mov	r0, r5
 109 0080 FFF7FEFF 		bl	HAL_GPIO_WritePin
 110              	.LVL2:
  90:Src/gpio.c    ****                           |CAN_SHTD_Pin|In1_Pin|In2_Pin, GPIO_PIN_RESET);
  91:Src/gpio.c    **** 
  92:Src/gpio.c    ****   /*Configure GPIO pin : PtPin */
  93:Src/gpio.c    ****   GPIO_InitStruct.Pin = In8_Pin;
 111              		.loc 1 93 0
 112 0084 4FF40053 		mov	r3, #8192
 113 0088 0593     		str	r3, [sp, #20]
  94:Src/gpio.c    ****   GPIO_InitStruct.Mode = GPIO_MODE_OUTPUT_PP;
 114              		.loc 1 94 0
 115 008a 0126     		movs	r6, #1
 116 008c 0696     		str	r6, [sp, #24]
  95:Src/gpio.c    ****   GPIO_InitStruct.Pull = GPIO_NOPULL;
 117              		.loc 1 95 0
 118 008e 0794     		str	r4, [sp, #28]
  96:Src/gpio.c    ****   GPIO_InitStruct.Speed = GPIO_SPEED_FREQ_LOW;
 119              		.loc 1 96 0
 120 0090 0894     		str	r4, [sp, #32]
  97:Src/gpio.c    ****   HAL_GPIO_Init(In8_GPIO_Port, &GPIO_InitStruct);
 121              		.loc 1 97 0
 122 0092 05A9     		add	r1, sp, #20
 123 0094 3846     		mov	r0, r7
 124 0096 FFF7FEFF 		bl	HAL_GPIO_Init
 125              	.LVL3:
  98:Src/gpio.c    **** 
  99:Src/gpio.c    ****   /*Configure GPIO pins : PAPin PAPin PAPin PAPin 
 100:Src/gpio.c    ****                            PAPin PAPin PAPin */
 101:Src/gpio.c    ****   GPIO_InitStruct.Pin = LED_Pin|In10_Pin|In5_Pin|In4_Pin 
 126              		.loc 1 101 0
 127 009a 41F60973 		movw	r3, #7945
 128 009e 0593     		str	r3, [sp, #20]
ARM GAS  /var/folders/pr/jy5_dyq97qq9ykqb3p58dhg00000gn/T//ccIaUPNV.s 			page 5


 102:Src/gpio.c    ****                           |In3_Pin|In7_Pin|In6_Pin;
 103:Src/gpio.c    ****   GPIO_InitStruct.Mode = GPIO_MODE_OUTPUT_PP;
 129              		.loc 1 103 0
 130 00a0 0696     		str	r6, [sp, #24]
 104:Src/gpio.c    ****   GPIO_InitStruct.Pull = GPIO_NOPULL;
 131              		.loc 1 104 0
 132 00a2 0794     		str	r4, [sp, #28]
 105:Src/gpio.c    ****   GPIO_InitStruct.Speed = GPIO_SPEED_FREQ_LOW;
 133              		.loc 1 105 0
 134 00a4 0894     		str	r4, [sp, #32]
 106:Src/gpio.c    ****   HAL_GPIO_Init(GPIOA, &GPIO_InitStruct);
 135              		.loc 1 106 0
 136 00a6 05A9     		add	r1, sp, #20
 137 00a8 4FF09040 		mov	r0, #1207959552
 138 00ac FFF7FEFF 		bl	HAL_GPIO_Init
 139              	.LVL4:
 107:Src/gpio.c    **** 
 108:Src/gpio.c    ****   /*Configure GPIO pins : PBPin PB1 PB2 PBPin 
 109:Src/gpio.c    ****                            PBPin PBPin PBPin */
 110:Src/gpio.c    ****   GPIO_InitStruct.Pin = In9_Pin|GPIO_PIN_1|GPIO_PIN_2|CAN_S_Pin 
 140              		.loc 1 110 0
 141 00b0 4FF20703 		movw	r3, #61447
 142 00b4 0593     		str	r3, [sp, #20]
 111:Src/gpio.c    ****                           |CAN_SHTD_Pin|In1_Pin|In2_Pin;
 112:Src/gpio.c    ****   GPIO_InitStruct.Mode = GPIO_MODE_OUTPUT_PP;
 143              		.loc 1 112 0
 144 00b6 0696     		str	r6, [sp, #24]
 113:Src/gpio.c    ****   GPIO_InitStruct.Pull = GPIO_NOPULL;
 145              		.loc 1 113 0
 146 00b8 0794     		str	r4, [sp, #28]
 114:Src/gpio.c    ****   GPIO_InitStruct.Speed = GPIO_SPEED_FREQ_LOW;
 147              		.loc 1 114 0
 148 00ba 0894     		str	r4, [sp, #32]
 115:Src/gpio.c    ****   HAL_GPIO_Init(GPIOB, &GPIO_InitStruct);
 149              		.loc 1 115 0
 150 00bc 05A9     		add	r1, sp, #20
 151 00be 2846     		mov	r0, r5
 152 00c0 FFF7FEFF 		bl	HAL_GPIO_Init
 153              	.LVL5:
 116:Src/gpio.c    **** 
 117:Src/gpio.c    ****   /*Configure GPIO pins : PBPin PBPin PBPin PBPin */
 118:Src/gpio.c    ****   GPIO_InitStruct.Pin = GPIO1_Pin|GPIO2_Pin|GPIO3_Pin|GPIO4_Pin;
 154              		.loc 1 118 0
 155 00c4 F023     		movs	r3, #240
 156 00c6 0593     		str	r3, [sp, #20]
 119:Src/gpio.c    ****   GPIO_InitStruct.Mode = GPIO_MODE_INPUT;
 157              		.loc 1 119 0
 158 00c8 0694     		str	r4, [sp, #24]
 120:Src/gpio.c    ****   GPIO_InitStruct.Pull = GPIO_NOPULL;
 159              		.loc 1 120 0
 160 00ca 0794     		str	r4, [sp, #28]
 121:Src/gpio.c    ****   HAL_GPIO_Init(GPIOB, &GPIO_InitStruct);
 161              		.loc 1 121 0
 162 00cc 05A9     		add	r1, sp, #20
 163 00ce 2846     		mov	r0, r5
 164 00d0 FFF7FEFF 		bl	HAL_GPIO_Init
 165              	.LVL6:
ARM GAS  /var/folders/pr/jy5_dyq97qq9ykqb3p58dhg00000gn/T//ccIaUPNV.s 			page 6


 122:Src/gpio.c    **** 
 123:Src/gpio.c    **** }
 166              		.loc 1 123 0
 167 00d4 0BB0     		add	sp, sp, #44
 168              	.LCFI2:
 169              		.cfi_def_cfa_offset 20
 170              		@ sp needed
 171 00d6 F0BD     		pop	{r4, r5, r6, r7, pc}
 172              	.L4:
 173              		.align	2
 174              	.L3:
 175 00d8 00100240 		.word	1073876992
 176 00dc 00080048 		.word	1207961600
 177 00e0 00040048 		.word	1207960576
 178              		.cfi_endproc
 179              	.LFE126:
 181              		.text
 182              	.Letext0:
 183              		.file 2 "/usr/local/Cellar/arm-none-eabi-gcc/7-2018-q2-update/gcc/arm-none-eabi/include/machine/_d
 184              		.file 3 "/usr/local/Cellar/arm-none-eabi-gcc/7-2018-q2-update/gcc/arm-none-eabi/include/sys/_stdin
 185              		.file 4 "Drivers/CMSIS/Include/core_cm4.h"
 186              		.file 5 "Drivers/CMSIS/Device/ST/STM32F3xx/Include/system_stm32f3xx.h"
 187              		.file 6 "Drivers/CMSIS/Device/ST/STM32F3xx/Include/stm32f303xc.h"
 188              		.file 7 "/usr/local/Cellar/arm-none-eabi-gcc/7-2018-q2-update/gcc/arm-none-eabi/include/sys/lock.h
 189              		.file 8 "/usr/local/Cellar/arm-none-eabi-gcc/7-2018-q2-update/gcc/arm-none-eabi/include/sys/_types
 190              		.file 9 "/usr/local/Cellar/arm-none-eabi-gcc/7-2018-q2-update/gcc/lib/gcc/arm-none-eabi/7.3.1/incl
 191              		.file 10 "/usr/local/Cellar/arm-none-eabi-gcc/7-2018-q2-update/gcc/arm-none-eabi/include/sys/reent
 192              		.file 11 "Drivers/STM32F3xx_HAL_Driver/Inc/stm32f3xx_hal_gpio.h"
 193              		.file 12 "Drivers/STM32F3xx_HAL_Driver/Inc/stm32f3xx_hal.h"
ARM GAS  /var/folders/pr/jy5_dyq97qq9ykqb3p58dhg00000gn/T//ccIaUPNV.s 			page 7


DEFINED SYMBOLS
                            *ABS*:0000000000000000 gpio.c
/var/folders/pr/jy5_dyq97qq9ykqb3p58dhg00000gn/T//ccIaUPNV.s:18     .text.MX_GPIO_Init:0000000000000000 $t
/var/folders/pr/jy5_dyq97qq9ykqb3p58dhg00000gn/T//ccIaUPNV.s:25     .text.MX_GPIO_Init:0000000000000000 MX_GPIO_Init
/var/folders/pr/jy5_dyq97qq9ykqb3p58dhg00000gn/T//ccIaUPNV.s:175    .text.MX_GPIO_Init:00000000000000d8 $d

UNDEFINED SYMBOLS
HAL_GPIO_WritePin
HAL_GPIO_Init
