ARM GAS  /var/folders/pr/jy5_dyq97qq9ykqb3p58dhg00000gn/T//cchjwS15.s 			page 1


   1              		.cpu cortex-m4
   2              		.eabi_attribute 27, 1
   3              		.eabi_attribute 28, 1
   4              		.eabi_attribute 20, 1
   5              		.eabi_attribute 21, 1
   6              		.eabi_attribute 23, 3
   7              		.eabi_attribute 24, 1
   8              		.eabi_attribute 25, 1
   9              		.eabi_attribute 26, 1
  10              		.eabi_attribute 30, 1
  11              		.eabi_attribute 34, 1
  12              		.eabi_attribute 18, 4
  13              		.file	"oi_driver.c"
  14              		.text
  15              	.Ltext0:
  16              		.cfi_sections	.debug_frame
  17              		.section	.text.oi_driver_set,"ax",%progbits
  18              		.align	1
  19              		.global	oi_driver_set
  20              		.syntax unified
  21              		.thumb
  22              		.thumb_func
  23              		.fpu fpv4-sp-d16
  25              	oi_driver_set:
  26              	.LFB126:
  27              		.file 1 "Src/oi_driver.c"
   1:Src/oi_driver.c **** #include "oi_driver.h"
   2:Src/oi_driver.c **** 
   3:Src/oi_driver.c **** void oi_driver_set(GPIO_TypeDef * gpioBank, int pin, int driverBit, int driverState){
  28              		.loc 1 3 0
  29              		.cfi_startproc
  30              		@ args = 0, pretend = 0, frame = 0
  31              		@ frame_needed = 0, uses_anonymous_args = 0
  32              	.LVL0:
  33 0000 08B5     		push	{r3, lr}
  34              	.LCFI0:
  35              		.cfi_def_cfa_offset 8
  36              		.cfi_offset 3, -8
  37              		.cfi_offset 14, -4
   4:Src/oi_driver.c ****       if(driverState & (1<<driverBit)){
  38              		.loc 1 4 0
  39 0002 1341     		asrs	r3, r3, r2
  40              	.LVL1:
  41 0004 13F0010F 		tst	r3, #1
  42 0008 04D1     		bne	.L5
   5:Src/oi_driver.c ****         HAL_GPIO_WritePin(gpioBank, pin, GPIO_PIN_SET);
   6:Src/oi_driver.c ****       }else{
   7:Src/oi_driver.c ****         HAL_GPIO_WritePin(gpioBank, pin, GPIO_PIN_RESET);
  43              		.loc 1 7 0
  44 000a 0022     		movs	r2, #0
  45              	.LVL2:
  46 000c 89B2     		uxth	r1, r1
  47              	.LVL3:
  48 000e FFF7FEFF 		bl	HAL_GPIO_WritePin
  49              	.LVL4:
  50              	.L1:
   8:Src/oi_driver.c ****       }
ARM GAS  /var/folders/pr/jy5_dyq97qq9ykqb3p58dhg00000gn/T//cchjwS15.s 			page 2


   9:Src/oi_driver.c **** }
  51              		.loc 1 9 0
  52 0012 08BD     		pop	{r3, pc}
  53              	.LVL5:
  54              	.L5:
   5:Src/oi_driver.c ****         HAL_GPIO_WritePin(gpioBank, pin, GPIO_PIN_SET);
  55              		.loc 1 5 0
  56 0014 0122     		movs	r2, #1
  57              	.LVL6:
  58 0016 89B2     		uxth	r1, r1
  59              	.LVL7:
  60 0018 FFF7FEFF 		bl	HAL_GPIO_WritePin
  61              	.LVL8:
  62 001c F9E7     		b	.L1
  63              		.cfi_endproc
  64              	.LFE126:
  66              		.text
  67              	.Letext0:
  68              		.file 2 "/usr/local/Cellar/arm-none-eabi-gcc/7-2018-q2-update/gcc/arm-none-eabi/include/machine/_d
  69              		.file 3 "/usr/local/Cellar/arm-none-eabi-gcc/7-2018-q2-update/gcc/arm-none-eabi/include/sys/_stdin
  70              		.file 4 "Drivers/CMSIS/Include/core_cm4.h"
  71              		.file 5 "Drivers/CMSIS/Device/ST/STM32F3xx/Include/system_stm32f3xx.h"
  72              		.file 6 "Drivers/CMSIS/Device/ST/STM32F3xx/Include/stm32f303xc.h"
  73              		.file 7 "/usr/local/Cellar/arm-none-eabi-gcc/7-2018-q2-update/gcc/arm-none-eabi/include/sys/lock.h
  74              		.file 8 "/usr/local/Cellar/arm-none-eabi-gcc/7-2018-q2-update/gcc/arm-none-eabi/include/sys/_types
  75              		.file 9 "/usr/local/Cellar/arm-none-eabi-gcc/7-2018-q2-update/gcc/lib/gcc/arm-none-eabi/7.3.1/incl
  76              		.file 10 "/usr/local/Cellar/arm-none-eabi-gcc/7-2018-q2-update/gcc/arm-none-eabi/include/sys/reent
  77              		.file 11 "Drivers/STM32F3xx_HAL_Driver/Inc/stm32f3xx_hal_gpio.h"
  78              		.file 12 "Drivers/STM32F3xx_HAL_Driver/Inc/stm32f3xx_hal.h"
ARM GAS  /var/folders/pr/jy5_dyq97qq9ykqb3p58dhg00000gn/T//cchjwS15.s 			page 3


DEFINED SYMBOLS
                            *ABS*:0000000000000000 oi_driver.c
/var/folders/pr/jy5_dyq97qq9ykqb3p58dhg00000gn/T//cchjwS15.s:18     .text.oi_driver_set:0000000000000000 $t
/var/folders/pr/jy5_dyq97qq9ykqb3p58dhg00000gn/T//cchjwS15.s:25     .text.oi_driver_set:0000000000000000 oi_driver_set

UNDEFINED SYMBOLS
HAL_GPIO_WritePin
