ARM GAS  /var/folders/pr/jy5_dyq97qq9ykqb3p58dhg00000gn/T//ccQc4EGY.s 			page 1


   1              		.cpu cortex-m4
   2              		.eabi_attribute 27, 1
   3              		.eabi_attribute 28, 1
   4              		.eabi_attribute 20, 1
   5              		.eabi_attribute 21, 1
   6              		.eabi_attribute 23, 3
   7              		.eabi_attribute 24, 1
   8              		.eabi_attribute 25, 1
   9              		.eabi_attribute 26, 1
  10              		.eabi_attribute 30, 1
  11              		.eabi_attribute 34, 1
  12              		.eabi_attribute 18, 4
  13              		.file	"stm32f3xx_hal_msp.c"
  14              		.text
  15              	.Ltext0:
  16              		.cfi_sections	.debug_frame
  17              		.section	.text.HAL_MspInit,"ax",%progbits
  18              		.align	1
  19              		.global	HAL_MspInit
  20              		.syntax unified
  21              		.thumb
  22              		.thumb_func
  23              		.fpu fpv4-sp-d16
  25              	HAL_MspInit:
  26              	.LFB126:
  27              		.file 1 "Src/stm32f3xx_hal_msp.c"
   1:Src/stm32f3xx_hal_msp.c **** /* USER CODE BEGIN Header */
   2:Src/stm32f3xx_hal_msp.c **** /**
   3:Src/stm32f3xx_hal_msp.c ****   ******************************************************************************
   4:Src/stm32f3xx_hal_msp.c ****   * File Name          : stm32f3xx_hal_msp.c
   5:Src/stm32f3xx_hal_msp.c ****   * Description        : This file provides code for the MSP Initialization 
   6:Src/stm32f3xx_hal_msp.c ****   *                      and de-Initialization codes.
   7:Src/stm32f3xx_hal_msp.c ****   ******************************************************************************
   8:Src/stm32f3xx_hal_msp.c ****   * This notice applies to any and all portions of this file
   9:Src/stm32f3xx_hal_msp.c ****   * that are not between comment pairs USER CODE BEGIN and
  10:Src/stm32f3xx_hal_msp.c ****   * USER CODE END. Other portions of this file, whether 
  11:Src/stm32f3xx_hal_msp.c ****   * inserted by the user or by software development tools
  12:Src/stm32f3xx_hal_msp.c ****   * are owned by their respective copyright owners.
  13:Src/stm32f3xx_hal_msp.c ****   *
  14:Src/stm32f3xx_hal_msp.c ****   * Copyright (c) 2019 STMicroelectronics International N.V. 
  15:Src/stm32f3xx_hal_msp.c ****   * All rights reserved.
  16:Src/stm32f3xx_hal_msp.c ****   *
  17:Src/stm32f3xx_hal_msp.c ****   * Redistribution and use in source and binary forms, with or without 
  18:Src/stm32f3xx_hal_msp.c ****   * modification, are permitted, provided that the following conditions are met:
  19:Src/stm32f3xx_hal_msp.c ****   *
  20:Src/stm32f3xx_hal_msp.c ****   * 1. Redistribution of source code must retain the above copyright notice, 
  21:Src/stm32f3xx_hal_msp.c ****   *    this list of conditions and the following disclaimer.
  22:Src/stm32f3xx_hal_msp.c ****   * 2. Redistributions in binary form must reproduce the above copyright notice,
  23:Src/stm32f3xx_hal_msp.c ****   *    this list of conditions and the following disclaimer in the documentation
  24:Src/stm32f3xx_hal_msp.c ****   *    and/or other materials provided with the distribution.
  25:Src/stm32f3xx_hal_msp.c ****   * 3. Neither the name of STMicroelectronics nor the names of other 
  26:Src/stm32f3xx_hal_msp.c ****   *    contributors to this software may be used to endorse or promote products 
  27:Src/stm32f3xx_hal_msp.c ****   *    derived from this software without specific written permission.
  28:Src/stm32f3xx_hal_msp.c ****   * 4. This software, including modifications and/or derivative works of this 
  29:Src/stm32f3xx_hal_msp.c ****   *    software, must execute solely and exclusively on microcontroller or
  30:Src/stm32f3xx_hal_msp.c ****   *    microprocessor devices manufactured by or for STMicroelectronics.
  31:Src/stm32f3xx_hal_msp.c ****   * 5. Redistribution and use of this software other than as permitted under 
ARM GAS  /var/folders/pr/jy5_dyq97qq9ykqb3p58dhg00000gn/T//ccQc4EGY.s 			page 2


  32:Src/stm32f3xx_hal_msp.c ****   *    this license is void and will automatically terminate your rights under 
  33:Src/stm32f3xx_hal_msp.c ****   *    this license. 
  34:Src/stm32f3xx_hal_msp.c ****   *
  35:Src/stm32f3xx_hal_msp.c ****   * THIS SOFTWARE IS PROVIDED BY STMICROELECTRONICS AND CONTRIBUTORS "AS IS" 
  36:Src/stm32f3xx_hal_msp.c ****   * AND ANY EXPRESS, IMPLIED OR STATUTORY WARRANTIES, INCLUDING, BUT NOT 
  37:Src/stm32f3xx_hal_msp.c ****   * LIMITED TO, THE IMPLIED WARRANTIES OF MERCHANTABILITY, FITNESS FOR A 
  38:Src/stm32f3xx_hal_msp.c ****   * PARTICULAR PURPOSE AND NON-INFRINGEMENT OF THIRD PARTY INTELLECTUAL PROPERTY
  39:Src/stm32f3xx_hal_msp.c ****   * RIGHTS ARE DISCLAIMED TO THE FULLEST EXTENT PERMITTED BY LAW. IN NO EVENT 
  40:Src/stm32f3xx_hal_msp.c ****   * SHALL STMICROELECTRONICS OR CONTRIBUTORS BE LIABLE FOR ANY DIRECT, INDIRECT,
  41:Src/stm32f3xx_hal_msp.c ****   * INCIDENTAL, SPECIAL, EXEMPLARY, OR CONSEQUENTIAL DAMAGES (INCLUDING, BUT NOT
  42:Src/stm32f3xx_hal_msp.c ****   * LIMITED TO, PROCUREMENT OF SUBSTITUTE GOODS OR SERVICES; LOSS OF USE, DATA, 
  43:Src/stm32f3xx_hal_msp.c ****   * OR PROFITS; OR BUSINESS INTERRUPTION) HOWEVER CAUSED AND ON ANY THEORY OF 
  44:Src/stm32f3xx_hal_msp.c ****   * LIABILITY, WHETHER IN CONTRACT, STRICT LIABILITY, OR TORT (INCLUDING 
  45:Src/stm32f3xx_hal_msp.c ****   * NEGLIGENCE OR OTHERWISE) ARISING IN ANY WAY OUT OF THE USE OF THIS SOFTWARE,
  46:Src/stm32f3xx_hal_msp.c ****   * EVEN IF ADVISED OF THE POSSIBILITY OF SUCH DAMAGE.
  47:Src/stm32f3xx_hal_msp.c ****   *
  48:Src/stm32f3xx_hal_msp.c ****   ******************************************************************************
  49:Src/stm32f3xx_hal_msp.c ****   */
  50:Src/stm32f3xx_hal_msp.c **** /* USER CODE END Header */
  51:Src/stm32f3xx_hal_msp.c **** 
  52:Src/stm32f3xx_hal_msp.c **** /* Includes ------------------------------------------------------------------*/
  53:Src/stm32f3xx_hal_msp.c **** #include "main.h"
  54:Src/stm32f3xx_hal_msp.c **** /* USER CODE BEGIN Includes */
  55:Src/stm32f3xx_hal_msp.c **** 
  56:Src/stm32f3xx_hal_msp.c **** /* USER CODE END Includes */
  57:Src/stm32f3xx_hal_msp.c **** 
  58:Src/stm32f3xx_hal_msp.c **** /* Private typedef -----------------------------------------------------------*/
  59:Src/stm32f3xx_hal_msp.c **** /* USER CODE BEGIN TD */
  60:Src/stm32f3xx_hal_msp.c **** 
  61:Src/stm32f3xx_hal_msp.c **** /* USER CODE END TD */
  62:Src/stm32f3xx_hal_msp.c **** 
  63:Src/stm32f3xx_hal_msp.c **** /* Private define ------------------------------------------------------------*/
  64:Src/stm32f3xx_hal_msp.c **** /* USER CODE BEGIN Define */
  65:Src/stm32f3xx_hal_msp.c ****  
  66:Src/stm32f3xx_hal_msp.c **** /* USER CODE END Define */
  67:Src/stm32f3xx_hal_msp.c **** 
  68:Src/stm32f3xx_hal_msp.c **** /* Private macro -------------------------------------------------------------*/
  69:Src/stm32f3xx_hal_msp.c **** /* USER CODE BEGIN Macro */
  70:Src/stm32f3xx_hal_msp.c **** 
  71:Src/stm32f3xx_hal_msp.c **** /* USER CODE END Macro */
  72:Src/stm32f3xx_hal_msp.c **** 
  73:Src/stm32f3xx_hal_msp.c **** /* Private variables ---------------------------------------------------------*/
  74:Src/stm32f3xx_hal_msp.c **** /* USER CODE BEGIN PV */
  75:Src/stm32f3xx_hal_msp.c **** 
  76:Src/stm32f3xx_hal_msp.c **** /* USER CODE END PV */
  77:Src/stm32f3xx_hal_msp.c **** 
  78:Src/stm32f3xx_hal_msp.c **** /* Private function prototypes -----------------------------------------------*/
  79:Src/stm32f3xx_hal_msp.c **** /* USER CODE BEGIN PFP */
  80:Src/stm32f3xx_hal_msp.c **** 
  81:Src/stm32f3xx_hal_msp.c **** /* USER CODE END PFP */
  82:Src/stm32f3xx_hal_msp.c **** 
  83:Src/stm32f3xx_hal_msp.c **** /* External functions --------------------------------------------------------*/
  84:Src/stm32f3xx_hal_msp.c **** /* USER CODE BEGIN ExternalFunctions */
  85:Src/stm32f3xx_hal_msp.c **** 
  86:Src/stm32f3xx_hal_msp.c **** /* USER CODE END ExternalFunctions */
  87:Src/stm32f3xx_hal_msp.c **** 
  88:Src/stm32f3xx_hal_msp.c **** /* USER CODE BEGIN 0 */
ARM GAS  /var/folders/pr/jy5_dyq97qq9ykqb3p58dhg00000gn/T//ccQc4EGY.s 			page 3


  89:Src/stm32f3xx_hal_msp.c **** 
  90:Src/stm32f3xx_hal_msp.c **** /* USER CODE END 0 */
  91:Src/stm32f3xx_hal_msp.c **** /**
  92:Src/stm32f3xx_hal_msp.c ****   * Initializes the Global MSP.
  93:Src/stm32f3xx_hal_msp.c ****   */
  94:Src/stm32f3xx_hal_msp.c **** void HAL_MspInit(void)
  95:Src/stm32f3xx_hal_msp.c **** {
  28              		.loc 1 95 0
  29              		.cfi_startproc
  30              		@ args = 0, pretend = 0, frame = 8
  31              		@ frame_needed = 0, uses_anonymous_args = 0
  32 0000 00B5     		push	{lr}
  33              	.LCFI0:
  34              		.cfi_def_cfa_offset 4
  35              		.cfi_offset 14, -4
  36 0002 83B0     		sub	sp, sp, #12
  37              	.LCFI1:
  38              		.cfi_def_cfa_offset 16
  39              	.LBB2:
  96:Src/stm32f3xx_hal_msp.c ****   /* USER CODE BEGIN MspInit 0 */
  97:Src/stm32f3xx_hal_msp.c **** 
  98:Src/stm32f3xx_hal_msp.c ****   /* USER CODE END MspInit 0 */
  99:Src/stm32f3xx_hal_msp.c **** 
 100:Src/stm32f3xx_hal_msp.c ****   __HAL_RCC_SYSCFG_CLK_ENABLE();
  40              		.loc 1 100 0
  41 0004 0D4B     		ldr	r3, .L3
  42 0006 9A69     		ldr	r2, [r3, #24]
  43 0008 42F00102 		orr	r2, r2, #1
  44 000c 9A61     		str	r2, [r3, #24]
  45 000e 9A69     		ldr	r2, [r3, #24]
  46 0010 02F00102 		and	r2, r2, #1
  47 0014 0092     		str	r2, [sp]
  48 0016 009A     		ldr	r2, [sp]
  49              	.LBE2:
  50              	.LBB3:
 101:Src/stm32f3xx_hal_msp.c ****   __HAL_RCC_PWR_CLK_ENABLE();
  51              		.loc 1 101 0
  52 0018 DA69     		ldr	r2, [r3, #28]
  53 001a 42F08052 		orr	r2, r2, #268435456
  54 001e DA61     		str	r2, [r3, #28]
  55 0020 DB69     		ldr	r3, [r3, #28]
  56 0022 03F08053 		and	r3, r3, #268435456
  57 0026 0193     		str	r3, [sp, #4]
  58 0028 019B     		ldr	r3, [sp, #4]
  59              	.LBE3:
 102:Src/stm32f3xx_hal_msp.c **** 
 103:Src/stm32f3xx_hal_msp.c ****   /* System interrupt init*/
 104:Src/stm32f3xx_hal_msp.c ****   /* PendSV_IRQn interrupt configuration */
 105:Src/stm32f3xx_hal_msp.c ****   HAL_NVIC_SetPriority(PendSV_IRQn, 15, 0);
  60              		.loc 1 105 0
  61 002a 0022     		movs	r2, #0
  62 002c 0F21     		movs	r1, #15
  63 002e 6FF00100 		mvn	r0, #1
  64 0032 FFF7FEFF 		bl	HAL_NVIC_SetPriority
  65              	.LVL0:
 106:Src/stm32f3xx_hal_msp.c **** 
 107:Src/stm32f3xx_hal_msp.c ****   /* USER CODE BEGIN MspInit 1 */
ARM GAS  /var/folders/pr/jy5_dyq97qq9ykqb3p58dhg00000gn/T//ccQc4EGY.s 			page 4


 108:Src/stm32f3xx_hal_msp.c **** 
 109:Src/stm32f3xx_hal_msp.c ****   /* USER CODE END MspInit 1 */
 110:Src/stm32f3xx_hal_msp.c **** }
  66              		.loc 1 110 0
  67 0036 03B0     		add	sp, sp, #12
  68              	.LCFI2:
  69              		.cfi_def_cfa_offset 4
  70              		@ sp needed
  71 0038 5DF804FB 		ldr	pc, [sp], #4
  72              	.L4:
  73              		.align	2
  74              	.L3:
  75 003c 00100240 		.word	1073876992
  76              		.cfi_endproc
  77              	.LFE126:
  79              		.text
  80              	.Letext0:
  81              		.file 2 "/usr/local/Cellar/arm-none-eabi-gcc/7-2018-q2-update/gcc/arm-none-eabi/include/machine/_d
  82              		.file 3 "/usr/local/Cellar/arm-none-eabi-gcc/7-2018-q2-update/gcc/arm-none-eabi/include/sys/_stdin
  83              		.file 4 "Drivers/CMSIS/Include/core_cm4.h"
  84              		.file 5 "Drivers/CMSIS/Device/ST/STM32F3xx/Include/system_stm32f3xx.h"
  85              		.file 6 "Drivers/CMSIS/Device/ST/STM32F3xx/Include/stm32f303xc.h"
  86              		.file 7 "/usr/local/Cellar/arm-none-eabi-gcc/7-2018-q2-update/gcc/arm-none-eabi/include/sys/lock.h
  87              		.file 8 "/usr/local/Cellar/arm-none-eabi-gcc/7-2018-q2-update/gcc/arm-none-eabi/include/sys/_types
  88              		.file 9 "/usr/local/Cellar/arm-none-eabi-gcc/7-2018-q2-update/gcc/lib/gcc/arm-none-eabi/7.3.1/incl
  89              		.file 10 "/usr/local/Cellar/arm-none-eabi-gcc/7-2018-q2-update/gcc/arm-none-eabi/include/sys/reent
  90              		.file 11 "Drivers/STM32F3xx_HAL_Driver/Inc/stm32f3xx_hal.h"
  91              		.file 12 "Drivers/STM32F3xx_HAL_Driver/Inc/stm32f3xx_hal_cortex.h"
ARM GAS  /var/folders/pr/jy5_dyq97qq9ykqb3p58dhg00000gn/T//ccQc4EGY.s 			page 5


DEFINED SYMBOLS
                            *ABS*:0000000000000000 stm32f3xx_hal_msp.c
/var/folders/pr/jy5_dyq97qq9ykqb3p58dhg00000gn/T//ccQc4EGY.s:18     .text.HAL_MspInit:0000000000000000 $t
/var/folders/pr/jy5_dyq97qq9ykqb3p58dhg00000gn/T//ccQc4EGY.s:25     .text.HAL_MspInit:0000000000000000 HAL_MspInit
/var/folders/pr/jy5_dyq97qq9ykqb3p58dhg00000gn/T//ccQc4EGY.s:75     .text.HAL_MspInit:000000000000003c $d

UNDEFINED SYMBOLS
HAL_NVIC_SetPriority
